<?xml version="1.0" encoding="UTF-8"?>
<coverage generated="1581001011678" clover="3.2.0">
  <project timestamp="1581001011678" name="All files">
    <metrics statements="18" coveredstatements="18" conditionals="9" coveredconditionals="9" methods="12" coveredmethods="12" elements="39" coveredelements="39" complexity="0" loc="18" ncloc="18" packages="1" files="2" classes="2"/>
    <file name="priorityQueue.js" path="/Users/gustavosaiani/code/estudo/js/data-structures-egghead/priorityQueue.js">
      <metrics statements="10" coveredstatements="10" conditionals="9" coveredconditionals="9" methods="6" coveredmethods="6"/>
      <line num="1" count="1" type="stmt"/>
      <line num="4" count="6" type="stmt"/>
      <line num="5" count="6" type="stmt"/>
      <line num="7" count="6" type="stmt"/>
      <line num="9" count="10" type="cond" truecount="2" falsecount="0"/>
      <line num="14" count="3" type="cond" truecount="2" falsecount="0"/>
      <line num="19" count="4" type="cond" truecount="2" falsecount="0"/>
      <line num="24" count="1" type="stmt"/>
      <line num="27" count="4" type="cond" truecount="2" falsecount="0"/>
      <line num="32" count="1" type="stmt"/>
    </file>
    <file name="queue.js" path="/Users/gustavosaiani/code/estudo/js/data-structures-egghead/queue.js">
      <metrics statements="8" coveredstatements="8" conditionals="0" coveredconditionals="0" methods="6" coveredmethods="6"/>
      <line num="2" count="18" type="stmt"/>
      <line num="4" count="18" type="stmt"/>
      <line num="6" count="18" type="stmt"/>
      <line num="9" count="4" type="stmt"/>
      <line num="12" count="7" type="stmt"/>
      <line num="15" count="3" type="stmt"/>
      <line num="18" count="16" type="stmt"/>
      <line num="23" count="2" type="stmt"/>
    </file>
  </project>
</coverage>
