{"/Users/gustavosaiani/code/estudo/js/data-structures-egghead/priorityQueue.js": {"path":"/Users/gustavosaiani/code/estudo/js/data-structures-egghead/priorityQueue.js","statementMap":{"0":{"start":{"line":1,"column":20},"end":{"line":1,"column":38}},"1":{"start":{"line":4,"column":27},"end":{"line":4,"column":40}},"2":{"start":{"line":5,"column":28},"end":{"line":5,"column":41}},"3":{"start":{"line":7,"column":2},"end":{"line":29,"column":3}},"4":{"start":{"line":9,"column":6},"end":{"line":11,"column":40}},"5":{"start":{"line":14,"column":6},"end":{"line":16,"column":37}},"6":{"start":{"line":19,"column":6},"end":{"line":21,"column":34}},"7":{"start":{"line":24,"column":6},"end":{"line":24,"column":63}},"8":{"start":{"line":27,"column":6},"end":{"line":27,"column":70}},"9":{"start":{"line":32,"column":0},"end":{"line":32,"column":36}}},"fnMap":{"0":{"name":"createPriorityQueue","decl":{"start":{"line":3,"column":9},"end":{"line":3,"column":28}},"loc":{"start":{"line":3,"column":31},"end":{"line":30,"column":1}},"line":3},"1":{"name":"(anonymous_1)","decl":{"start":{"line":8,"column":4},"end":{"line":8,"column":5}},"loc":{"start":{"line":8,"column":42},"end":{"line":12,"column":5}},"line":8},"2":{"name":"(anonymous_2)","decl":{"start":{"line":13,"column":4},"end":{"line":13,"column":5}},"loc":{"start":{"line":13,"column":14},"end":{"line":17,"column":5}},"line":13},"3":{"name":"(anonymous_3)","decl":{"start":{"line":18,"column":4},"end":{"line":18,"column":5}},"loc":{"start":{"line":18,"column":11},"end":{"line":22,"column":5}},"line":18},"4":{"name":"(anonymous_4)","decl":{"start":{"line":23,"column":4},"end":{"line":23,"column":5}},"loc":{"start":{"line":23,"column":13},"end":{"line":25,"column":5}},"line":23},"5":{"name":"(anonymous_5)","decl":{"start":{"line":26,"column":4},"end":{"line":26,"column":5}},"loc":{"start":{"line":26,"column":14},"end":{"line":28,"column":5}},"line":26}},"branchMap":{"0":{"loc":{"start":{"line":8,"column":18},"end":{"line":8,"column":40}},"type":"default-arg","locations":[{"start":{"line":8,"column":35},"end":{"line":8,"column":40}}],"line":8},"1":{"loc":{"start":{"line":9,"column":6},"end":{"line":11,"column":40}},"type":"cond-expr","locations":[{"start":{"line":10,"column":10},"end":{"line":10,"column":41}},{"start":{"line":11,"column":10},"end":{"line":11,"column":40}}],"line":9},"2":{"loc":{"start":{"line":14,"column":13},"end":{"line":16,"column":37}},"type":"cond-expr","locations":[{"start":{"line":15,"column":10},"end":{"line":15,"column":36}},{"start":{"line":16,"column":10},"end":{"line":16,"column":37}}],"line":14},"3":{"loc":{"start":{"line":19,"column":13},"end":{"line":21,"column":34}},"type":"cond-expr","locations":[{"start":{"line":20,"column":10},"end":{"line":20,"column":33}},{"start":{"line":21,"column":10},"end":{"line":21,"column":34}}],"line":19},"4":{"loc":{"start":{"line":27,"column":13},"end":{"line":27,"column":70}},"type":"binary-expr","locations":[{"start":{"line":27,"column":13},"end":{"line":27,"column":40}},{"start":{"line":27,"column":44},"end":{"line":27,"column":70}}],"line":27}},"s":{"0":1,"1":6,"2":6,"3":6,"4":10,"5":3,"6":4,"7":1,"8":4,"9":1},"f":{"0":6,"1":10,"2":3,"3":4,"4":1,"5":4},"b":{"0":[5],"1":[5,5],"2":[1,2],"3":[2,2],"4":[4,3]},"_coverageSchema":"1a1c01bbd47fc00a2c39e90264f33305004495a9","hash":"2bb1631439ba1afeadb30fee380fff35397c4ecb"}
,"/Users/gustavosaiani/code/estudo/js/data-structures-egghead/queue.js": {"path":"/Users/gustavosaiani/code/estudo/js/data-structures-egghead/queue.js","statementMap":{"0":{"start":{"line":2,"column":16},"end":{"line":2,"column":18}},"1":{"start":{"line":4,"column":2},"end":{"line":20,"column":3}},"2":{"start":{"line":6,"column":6},"end":{"line":6,"column":25}},"3":{"start":{"line":9,"column":6},"end":{"line":9,"column":24}},"4":{"start":{"line":12,"column":6},"end":{"line":12,"column":36}},"5":{"start":{"line":15,"column":6},"end":{"line":15,"column":25}},"6":{"start":{"line":18,"column":6},"end":{"line":18,"column":31}},"7":{"start":{"line":23,"column":0},"end":{"line":23,"column":28}}},"fnMap":{"0":{"name":"createQueue","decl":{"start":{"line":1,"column":9},"end":{"line":1,"column":20}},"loc":{"start":{"line":1,"column":23},"end":{"line":21,"column":1}},"line":1},"1":{"name":"(anonymous_1)","decl":{"start":{"line":5,"column":4},"end":{"line":5,"column":5}},"loc":{"start":{"line":5,"column":18},"end":{"line":7,"column":5}},"line":5},"2":{"name":"(anonymous_2)","decl":{"start":{"line":8,"column":4},"end":{"line":8,"column":5}},"loc":{"start":{"line":8,"column":14},"end":{"line":10,"column":5}},"line":8},"3":{"name":"(anonymous_3)","decl":{"start":{"line":11,"column":4},"end":{"line":11,"column":5}},"loc":{"start":{"line":11,"column":11},"end":{"line":13,"column":5}},"line":11},"4":{"name":"(anonymous_4)","decl":{"start":{"line":14,"column":4},"end":{"line":14,"column":5}},"loc":{"start":{"line":14,"column":17},"end":{"line":16,"column":5}},"line":14},"5":{"name":"(anonymous_5)","decl":{"start":{"line":17,"column":4},"end":{"line":17,"column":5}},"loc":{"start":{"line":17,"column":14},"end":{"line":19,"column":5}},"line":17}},"branchMap":{},"s":{"0":18,"1":18,"2":18,"3":4,"4":7,"5":3,"6":16,"7":2},"f":{"0":18,"1":18,"2":4,"3":7,"4":3,"5":16},"b":{},"_coverageSchema":"1a1c01bbd47fc00a2c39e90264f33305004495a9","hash":"36a70c620418f82446ff1c6a8f93062de47a699c"}
}
