TN:
SF:priorityQueue.js
FN:3,createPriorityQueue
FN:8,(anonymous_1)
FN:13,(anonymous_2)
FN:18,(anonymous_3)
FN:23,(anonymous_4)
FN:26,(anonymous_5)
FNF:6
FNH:6
FNDA:6,createPriorityQueue
FNDA:10,(anonymous_1)
FNDA:3,(anonymous_2)
FNDA:4,(anonymous_3)
FNDA:1,(anonymous_4)
FNDA:4,(anonymous_5)
DA:1,1
DA:4,6
DA:5,6
DA:7,6
DA:9,10
DA:14,3
DA:19,4
DA:24,1
DA:27,4
DA:32,1
LF:10
LH:10
BRDA:8,0,0,5
BRDA:9,1,0,5
BRDA:9,1,1,5
BRDA:14,2,0,1
BRDA:14,2,1,2
BRDA:19,3,0,2
BRDA:19,3,1,2
BRDA:27,4,0,4
BRDA:27,4,1,3
BRF:9
BRH:9
end_of_record
TN:
SF:queue.js
FN:1,createQueue
FN:5,(anonymous_1)
FN:8,(anonymous_2)
FN:11,(anonymous_3)
FN:14,(anonymous_4)
FN:17,(anonymous_5)
FNF:6
FNH:6
FNDA:18,createQueue
FNDA:18,(anonymous_1)
FNDA:4,(anonymous_2)
FNDA:7,(anonymous_3)
FNDA:3,(anonymous_4)
FNDA:16,(anonymous_5)
DA:2,18
DA:4,18
DA:6,18
DA:9,4
DA:12,7
DA:15,3
DA:18,16
DA:23,2
LF:8
LH:8
BRF:0
BRH:0
end_of_record
